This is pdfTeX, Version 3.141592653-2.6-1.40.26 (TeX Live 2024) (preloaded format=pdflatex 2024.9.15)  11 FEB 2025 20:14
entering extended mode
 restricted \write18 enabled.
 file:line:error style messages enabled.
 %&-line parsing enabled.
**"c:/Users/andre/Downloads/bash_home/UT-TeX-Coursework/CFD COE347/CFD-SP25-11/OF1/OF1Report.tex"
(c:/Users/andre/Downloads/bash_home/UT-TeX-Coursework/CFD COE347/CFD-SP25-11/OF1/OF1Report.tex
LaTeX2e <2024-06-01> patch level 2
L3 programming layer <2024-08-30>
(c:/texlive/2024/texmf-dist/tex/latex/base/article.cls
Document Class: article 2024/02/08 v1.4n Standard LaTeX document class
(c:/texlive/2024/texmf-dist/tex/latex/base/size11.clo
File: size11.clo 2024/02/08 v1.4n Standard LaTeX file (size option)
)
\c@part=\count194
\c@section=\count195
\c@subsection=\count196
\c@subsubsection=\count197
\c@paragraph=\count198
\c@subparagraph=\count199
\c@figure=\count266
\c@table=\count267
\abovecaptionskip=\skip49
\belowcaptionskip=\skip50
\bibindent=\dimen141
) (c:/texlive/2024/texmf-dist/tex/latex/geometry/geometry.sty
Package: geometry 2020/01/02 v5.9 Page Geometry
 (c:/texlive/2024/texmf-dist/tex/latex/graphics/keyval.sty
Package: keyval 2022/05/29 v1.15 key=value parser (DPC)
\KV@toks@=\toks17
) (c:/texlive/2024/texmf-dist/tex/generic/iftex/ifvtex.sty
Package: ifvtex 2019/10/25 v1.7 ifvtex legacy package. Use iftex instead.
 (c:/texlive/2024/texmf-dist/tex/generic/iftex/iftex.sty
Package: iftex 2022/02/03 v1.0f TeX engine tests
))
\Gm@cnth=\count268
\Gm@cntv=\count269
\c@Gm@tempcnt=\count270
\Gm@bindingoffset=\dimen142
\Gm@wd@mp=\dimen143
\Gm@odd@mp=\dimen144
\Gm@even@mp=\dimen145
\Gm@layoutwidth=\dimen146
\Gm@layoutheight=\dimen147
\Gm@layouthoffset=\dimen148
\Gm@layoutvoffset=\dimen149
\Gm@dimlist=\toks18
) (c:/texlive/2024/texmf-dist/tex/latex/amsmath/amsmath.sty
Package: amsmath 2024/05/23 v2.17q AMS math features
\@mathmargin=\skip51

For additional information on amsmath, use the `?' option.
(c:/texlive/2024/texmf-dist/tex/latex/amsmath/amstext.sty
Package: amstext 2021/08/26 v2.01 AMS text
 (c:/texlive/2024/texmf-dist/tex/latex/amsmath/amsgen.sty
File: amsgen.sty 1999/11/30 v2.0 generic functions
\@emptytoks=\toks19
\ex@=\dimen150
)) (c:/texlive/2024/texmf-dist/tex/latex/amsmath/amsbsy.sty
Package: amsbsy 1999/11/29 v1.2d Bold Symbols
\pmbraise@=\dimen151
) (c:/texlive/2024/texmf-dist/tex/latex/amsmath/amsopn.sty
Package: amsopn 2022/04/08 v2.04 operator names
)
\inf@bad=\count271
LaTeX Info: Redefining \frac on input line 233.
\uproot@=\count272
\leftroot@=\count273
LaTeX Info: Redefining \overline on input line 398.
LaTeX Info: Redefining \colon on input line 409.
\classnum@=\count274
\DOTSCASE@=\count275
LaTeX Info: Redefining \ldots on input line 495.
LaTeX Info: Redefining \dots on input line 498.
LaTeX Info: Redefining \cdots on input line 619.
\Mathstrutbox@=\box52
\strutbox@=\box53
LaTeX Info: Redefining \big on input line 721.
LaTeX Info: Redefining \Big on input line 722.
LaTeX Info: Redefining \bigg on input line 723.
LaTeX Info: Redefining \Bigg on input line 724.
\big@size=\dimen152
LaTeX Font Info:    Redeclaring font encoding OML on input line 742.
LaTeX Font Info:    Redeclaring font encoding OMS on input line 743.
\macc@depth=\count276
LaTeX Info: Redefining \bmod on input line 904.
LaTeX Info: Redefining \pmod on input line 909.
LaTeX Info: Redefining \smash on input line 939.
LaTeX Info: Redefining \relbar on input line 969.
LaTeX Info: Redefining \Relbar on input line 970.
\c@MaxMatrixCols=\count277
\dotsspace@=\muskip17
\c@parentequation=\count278
\dspbrk@lvl=\count279
\tag@help=\toks20
\row@=\count280
\column@=\count281
\maxfields@=\count282
\andhelp@=\toks21
\eqnshift@=\dimen153
\alignsep@=\dimen154
\tagshift@=\dimen155
\tagwidth@=\dimen156
\totwidth@=\dimen157
\lineht@=\dimen158
\@envbody=\toks22
\multlinegap=\skip52
\multlinetaggap=\skip53
\mathdisplay@stack=\toks23
LaTeX Info: Redefining \[ on input line 2953.
LaTeX Info: Redefining \] on input line 2954.
) (c:/texlive/2024/texmf-dist/tex/latex/amsfonts/amssymb.sty
Package: amssymb 2013/01/14 v3.01 AMS font symbols
 (c:/texlive/2024/texmf-dist/tex/latex/amsfonts/amsfonts.sty
Package: amsfonts 2013/01/14 v3.01 Basic AMSFonts support
\symAMSa=\mathgroup4
\symAMSb=\mathgroup5
LaTeX Font Info:    Redeclaring math symbol \hbar on input line 98.
LaTeX Font Info:    Overwriting math alphabet `\mathfrak' in version `bold'
(Font)                  U/euf/m/n --> U/euf/b/n on input line 106.
)) (c:/texlive/2024/texmf-dist/tex/latex/amscls/amsthm.sty
Package: amsthm 2020/05/29 v2.20.6
\thm@style=\toks24
\thm@bodyfont=\toks25
\thm@headfont=\toks26
\thm@notefont=\toks27
\thm@headpunct=\toks28
\thm@preskip=\skip54
\thm@postskip=\skip55
\thm@headsep=\skip56
\dth@everypar=\toks29
) (c:/texlive/2024/texmf-dist/tex/latex/graphics/graphicx.sty
Package: graphicx 2021/09/16 v1.2d Enhanced LaTeX Graphics (DPC,SPQR)
 (c:/texlive/2024/texmf-dist/tex/latex/graphics/graphics.sty
Package: graphics 2024/05/23 v1.4g Standard LaTeX Graphics (DPC,SPQR)
 (c:/texlive/2024/texmf-dist/tex/latex/graphics/trig.sty
Package: trig 2023/12/02 v1.11 sin cos tan (DPC)
) (c:/texlive/2024/texmf-dist/tex/latex/graphics-cfg/graphics.cfg
File: graphics.cfg 2016/06/04 v1.11 sample graphics configuration
)
Package graphics Info: Driver file: pdftex.def on input line 106.
 (c:/texlive/2024/texmf-dist/tex/latex/graphics-def/pdftex.def
File: pdftex.def 2024/04/13 v1.2c Graphics/color driver for pdftex
))
\Gin@req@height=\dimen159
\Gin@req@width=\dimen160
) (c:/texlive/2024/texmf-dist/tex/latex/base/textcomp.sty
Package: textcomp 2024/04/24 v2.1b Standard LaTeX package
) (c:/texlive/2024/texmf-dist/tex/latex/gensymb/gensymb.sty
Package: gensymb 2022/10/17 v1.0.2 (KJH)
) (c:/texlive/2024/texmf-dist/tex/latex/float/float.sty
Package: float 2001/11/08 v1.3d Float enhancements (AL)
\c@float@type=\count283
\float@exts=\toks30
\float@box=\box54
\@float@everytoks=\toks31
\@floatcapt=\box55
) (c:/texlive/2024/texmf-dist/tex/latex/pdfpages/pdfpages.sty
Package: pdfpages 2024/08/20 v0.6b Insert pages of external PDF documents (AM)
 (c:/texlive/2024/texmf-dist/tex/latex/base/ifthen.sty
Package: ifthen 2024/03/16 v1.1e Standard LaTeX ifthen package (DPC)
) (c:/texlive/2024/texmf-dist/tex/latex/tools/calc.sty
Package: calc 2023/07/08 v4.3 Infix arithmetic (KKT,FJ)
\calc@Acount=\count284
\calc@Bcount=\count285
\calc@Adimen=\dimen161
\calc@Bdimen=\dimen162
\calc@Askip=\skip57
\calc@Bskip=\skip58
LaTeX Info: Redefining \setlength on input line 80.
LaTeX Info: Redefining \addtolength on input line 81.
\calc@Ccount=\count286
\calc@Cskip=\skip59
) (c:/texlive/2024/texmf-dist/tex/latex/eso-pic/eso-pic.sty
Package: eso-pic 2023/05/03 v3.0c eso-pic (RN)
\ESO@tempdima=\dimen163
\ESO@tempdimb=\dimen164
 (c:/texlive/2024/texmf-dist/tex/latex/xcolor/xcolor.sty
Package: xcolor 2023/11/15 v3.01 LaTeX color extensions (UK)
 (c:/texlive/2024/texmf-dist/tex/latex/graphics-cfg/color.cfg
File: color.cfg 2016/01/02 v1.6 sample color configuration
)
Package xcolor Info: Driver file: pdftex.def on input line 274.
 (c:/texlive/2024/texmf-dist/tex/latex/graphics/mathcolor.ltx)
Package xcolor Info: Model `cmy' substituted by `cmy0' on input line 1350.
Package xcolor Info: Model `hsb' substituted by `rgb' on input line 1354.
Package xcolor Info: Model `RGB' extended on input line 1366.
Package xcolor Info: Model `HTML' substituted by `rgb' on input line 1368.
Package xcolor Info: Model `Hsb' substituted by `hsb' on input line 1369.
Package xcolor Info: Model `tHsb' substituted by `hsb' on input line 1370.
Package xcolor Info: Model `HSB' substituted by `hsb' on input line 1371.
Package xcolor Info: Model `Gray' substituted by `gray' on input line 1372.
Package xcolor Info: Model `wave' substituted by `hsb' on input line 1373.
))
\AM@pagewidth=\dimen165
\AM@pageheight=\dimen166
\AM@fboxrule=\dimen167
 (c:/texlive/2024/texmf-dist/tex/latex/pdfpages/pppdftex.def
File: pppdftex.def 2024/08/20 v0.6b Pdfpages driver for pdfTeX (AM)
)
\pdfpages@includegraphics@status=\count287
\AM@pagebox=\box56
\AM@global@opts=\toks32
\AM@pagecnt=\count288
\AM@toc@title=\toks33
\AM@lof@heading=\toks34
\c@AM@survey=\count289
\AM@templatesizebox=\box57
) (c:/texlive/2024/texmf-dist/tex/latex/hyperref/hyperref.sty
Package: hyperref 2024-07-10 v7.01j Hypertext links for LaTeX
 (c:/texlive/2024/texmf-dist/tex/latex/kvsetkeys/kvsetkeys.sty
Package: kvsetkeys 2022-10-05 v1.19 Key value parser (HO)
) (c:/texlive/2024/texmf-dist/tex/generic/kvdefinekeys/kvdefinekeys.sty
Package: kvdefinekeys 2019-12-19 v1.6 Define keys (HO)
) (c:/texlive/2024/texmf-dist/tex/generic/pdfescape/pdfescape.sty
Package: pdfescape 2019/12/09 v1.15 Implements pdfTeX's escape features (HO)
 (c:/texlive/2024/texmf-dist/tex/generic/ltxcmds/ltxcmds.sty
Package: ltxcmds 2023-12-04 v1.26 LaTeX kernel commands for general use (HO)
) (c:/texlive/2024/texmf-dist/tex/generic/pdftexcmds/pdftexcmds.sty
Package: pdftexcmds 2020-06-27 v0.33 Utility functions of pdfTeX for LuaTeX (HO)
 (c:/texlive/2024/texmf-dist/tex/generic/infwarerr/infwarerr.sty
Package: infwarerr 2019/12/03 v1.5 Providing info/warning/error messages (HO)
)
Package pdftexcmds Info: \pdf@primitive is available.
Package pdftexcmds Info: \pdf@ifprimitive is available.
Package pdftexcmds Info: \pdfdraftmode found.
)) (c:/texlive/2024/texmf-dist/tex/latex/hycolor/hycolor.sty
Package: hycolor 2020-01-27 v1.10 Color options for hyperref/bookmark (HO)
) (c:/texlive/2024/texmf-dist/tex/latex/hyperref/nameref.sty
Package: nameref 2023-11-26 v2.56 Cross-referencing by name of section
 (c:/texlive/2024/texmf-dist/tex/latex/refcount/refcount.sty
Package: refcount 2019/12/15 v3.6 Data extraction from label references (HO)
) (c:/texlive/2024/texmf-dist/tex/generic/gettitlestring/gettitlestring.sty
Package: gettitlestring 2019/12/15 v1.6 Cleanup title references (HO)
 (c:/texlive/2024/texmf-dist/tex/latex/kvoptions/kvoptions.sty
Package: kvoptions 2022-06-15 v3.15 Key value format for package options (HO)
))
\c@section@level=\count290
) (c:/texlive/2024/texmf-dist/tex/latex/etoolbox/etoolbox.sty
Package: etoolbox 2020/10/05 v2.5k e-TeX tools for LaTeX (JAW)
\etb@tempcnta=\count291
) (c:/texlive/2024/texmf-dist/tex/generic/stringenc/stringenc.sty
Package: stringenc 2019/11/29 v1.12 Convert strings between diff. encodings (HO)
)
\@linkdim=\dimen168
\Hy@linkcounter=\count292
\Hy@pagecounter=\count293
 (c:/texlive/2024/texmf-dist/tex/latex/hyperref/pd1enc.def
File: pd1enc.def 2024-07-10 v7.01j Hyperref: PDFDocEncoding definition (HO)
Now handling font encoding PD1 ...
... no UTF-8 mapping file for font encoding PD1
) (c:/texlive/2024/texmf-dist/tex/generic/intcalc/intcalc.sty
Package: intcalc 2019/12/15 v1.3 Expandable calculations with integers (HO)
)
\Hy@SavedSpaceFactor=\count294
 (c:/texlive/2024/texmf-dist/tex/latex/hyperref/puenc.def
File: puenc.def 2024-07-10 v7.01j Hyperref: PDF Unicode definition (HO)
Now handling font encoding PU ...
... no UTF-8 mapping file for font encoding PU
)
Package hyperref Info: Hyper figures OFF on input line 4157.
Package hyperref Info: Link nesting OFF on input line 4162.
Package hyperref Info: Hyper index ON on input line 4165.
Package hyperref Info: Plain pages OFF on input line 4172.
Package hyperref Info: Backreferencing OFF on input line 4177.
Package hyperref Info: Implicit mode ON; LaTeX internals redefined.
Package hyperref Info: Bookmarks ON on input line 4424.
\c@Hy@tempcnt=\count295
 (c:/texlive/2024/texmf-dist/tex/latex/url/url.sty
\Urlmuskip=\muskip18
Package: url 2013/09/16  ver 3.4  Verb mode for urls, etc.
)
LaTeX Info: Redefining \url on input line 4763.
\XeTeXLinkMargin=\dimen169
 (c:/texlive/2024/texmf-dist/tex/generic/bitset/bitset.sty
Package: bitset 2019/12/09 v1.3 Handle bit-vector datatype (HO)
 (c:/texlive/2024/texmf-dist/tex/generic/bigintcalc/bigintcalc.sty
Package: bigintcalc 2019/12/15 v1.5 Expandable calculations on big integers (HO)
))
\Fld@menulength=\count296
\Field@Width=\dimen170
\Fld@charsize=\dimen171
Package hyperref Info: Hyper figures OFF on input line 6042.
Package hyperref Info: Link nesting OFF on input line 6047.
Package hyperref Info: Hyper index ON on input line 6050.
Package hyperref Info: backreferencing OFF on input line 6057.
Package hyperref Info: Link coloring OFF on input line 6062.
Package hyperref Info: Link coloring with OCG OFF on input line 6067.
Package hyperref Info: PDF/A mode OFF on input line 6072.
 (c:/texlive/2024/texmf-dist/tex/latex/base/atbegshi-ltx.sty
Package: atbegshi-ltx 2021/01/10 v1.0c Emulation of the original atbegshi
package with kernel methods
)
\Hy@abspage=\count297
\c@Item=\count298
\c@Hfootnote=\count299
)
Package hyperref Info: Driver (autodetected): hpdftex.
 (c:/texlive/2024/texmf-dist/tex/latex/hyperref/hpdftex.def
File: hpdftex.def 2024-07-10 v7.01j Hyperref driver for pdfTeX
 (c:/texlive/2024/texmf-dist/tex/latex/base/atveryend-ltx.sty
Package: atveryend-ltx 2020/08/19 v1.0a Emulation of the original atveryend package
with kernel methods
)
\Fld@listcount=\count300
\c@bookmark@seq@number=\count301
 (c:/texlive/2024/texmf-dist/tex/latex/rerunfilecheck/rerunfilecheck.sty
Package: rerunfilecheck 2022-07-10 v1.10 Rerun checks for auxiliary files (HO)
 (c:/texlive/2024/texmf-dist/tex/generic/uniquecounter/uniquecounter.sty
Package: uniquecounter 2019/12/15 v1.4 Provide unlimited unique counter (HO)
)
Package uniquecounter Info: New unique counter `rerunfilecheck' on input line 285.
)
\Hy@SectionHShift=\skip60
) (c:/texlive/2024/texmf-dist/tex/latex/cancel/cancel.sty
Package: cancel 2013/04/12 v2.2 Cancel math terms
) (c:/texlive/2024/texmf-dist/tex/latex/caption/subcaption.sty
Package: subcaption 2023/07/28 v1.6b Sub-captions (AR)
 (c:/texlive/2024/texmf-dist/tex/latex/caption/caption.sty
Package: caption 2023/08/05 v3.6o Customizing captions (AR)
 (c:/texlive/2024/texmf-dist/tex/latex/caption/caption3.sty
Package: caption3 2023/07/31 v2.4d caption3 kernel (AR)
\caption@tempdima=\dimen172
\captionmargin=\dimen173
\caption@leftmargin=\dimen174
\caption@rightmargin=\dimen175
\caption@width=\dimen176
\caption@indent=\dimen177
\caption@parindent=\dimen178
\caption@hangindent=\dimen179
Package caption Info: Standard document class detected.
)
\c@caption@flags=\count302
\c@continuedfloat=\count303
Package caption Info: float package is loaded.
Package caption Info: hyperref package is loaded.
)
Package caption Info: New subtype `subfigure' on input line 238.
\c@subfigure=\count304
Package caption Info: New subtype `subtable' on input line 238.
\c@subtable=\count305
) (c:/texlive/2024/texmf-dist/tex/latex/l3backend/l3backend-pdftex.def
File: l3backend-pdftex.def 2024-05-08 L3 backend support: PDF output (pdfTeX)
\l__color_backend_stack_int=\count306
\l__pdf_internal_box=\box58
) (./OF1Report.aux)
\openout1 = `OF1Report.aux'.

LaTeX Font Info:    Checking defaults for OML/cmm/m/it on input line 27.
LaTeX Font Info:    ... okay on input line 27.
LaTeX Font Info:    Checking defaults for OMS/cmsy/m/n on input line 27.
LaTeX Font Info:    ... okay on input line 27.
LaTeX Font Info:    Checking defaults for OT1/cmr/m/n on input line 27.
LaTeX Font Info:    ... okay on input line 27.
LaTeX Font Info:    Checking defaults for T1/cmr/m/n on input line 27.
LaTeX Font Info:    ... okay on input line 27.
LaTeX Font Info:    Checking defaults for TS1/cmr/m/n on input line 27.
LaTeX Font Info:    ... okay on input line 27.
LaTeX Font Info:    Checking defaults for OMX/cmex/m/n on input line 27.
LaTeX Font Info:    ... okay on input line 27.
LaTeX Font Info:    Checking defaults for U/cmr/m/n on input line 27.
LaTeX Font Info:    ... okay on input line 27.
LaTeX Font Info:    Checking defaults for PD1/pdf/m/n on input line 27.
LaTeX Font Info:    ... okay on input line 27.
LaTeX Font Info:    Checking defaults for PU/pdf/m/n on input line 27.
LaTeX Font Info:    ... okay on input line 27.

*geometry* driver: auto-detecting
*geometry* detected driver: pdftex
*geometry* verbose mode - [ preamble ] result:
* driver: pdftex
* paper: <default>
* layout: <same size as paper>
* layoutoffset:(h,v)=(0.0pt,0.0pt)
* modes: 
* h-part:(L,W,R)=(72.26999pt, 469.75502pt, 72.26999pt)
* v-part:(T,H,B)=(72.26999pt, 650.43001pt, 72.26999pt)
* \paperwidth=614.295pt
* \paperheight=794.96999pt
* \textwidth=469.75502pt
* \textheight=650.43001pt
* \oddsidemargin=0.0pt
* \evensidemargin=0.0pt
* \topmargin=-37.0pt
* \headheight=12.0pt
* \headsep=25.0pt
* \topskip=11.0pt
* \footskip=30.0pt
* \marginparwidth=59.0pt
* \marginparsep=10.0pt
* \columnsep=10.0pt
* \skip\footins=10.0pt plus 4.0pt minus 2.0pt
* \hoffset=0.0pt
* \voffset=0.0pt
* \mag=1000
* \@twocolumnfalse
* \@twosidefalse
* \@mparswitchfalse
* \@reversemarginfalse
* (1in=72.27pt=25.4mm, 1cm=28.453pt)

(c:/texlive/2024/texmf-dist/tex/context/base/mkii/supp-pdf.mkii
[Loading MPS to PDF converter (version 2006.09.02).]
\scratchcounter=\count307
\scratchdimen=\dimen180
\scratchbox=\box59
\nofMPsegments=\count308
\nofMParguments=\count309
\everyMPshowfont=\toks35
\MPscratchCnt=\count310
\MPscratchDim=\dimen181
\MPnumerator=\count311
\makeMPintoPDFobject=\count312
\everyMPtoPDFconversion=\toks36
) (c:/texlive/2024/texmf-dist/tex/latex/epstopdf-pkg/epstopdf-base.sty
Package: epstopdf-base 2020-01-24 v2.11 Base part for package epstopdf
Package epstopdf-base Info: Redefining graphics rule for `.eps' on input line 485.
 (c:/texlive/2024/texmf-dist/tex/latex/latexconfig/epstopdf-sys.cfg
File: epstopdf-sys.cfg 2010/07/13 v1.3 Configuration of (r)epstopdf for TeX Live
))
\symgns@font=\mathgroup6
LaTeX Font Info:    Overwriting symbol font `gns@font' in version `bold'
(Font)                  TS1/cmr/m/n --> TS1/cmr/b/n on input line 27.
Package gensymb Info: Math companion symbols declared on input line 27.
LaTeX Info: Redefining \degree on input line 27.
LaTeX Info: Redefining \celsius on input line 27.
Package gensymb Info: Using text companion symbols for \degree, \celsius and \perthousand on input line 27.
LaTeX Info: Redefining \ohm on input line 27.
Package gensymb Info: Using \textohm for \ohm on input line 27.
Package gensymb Info: Using \textmu for \micro on input line 27.
 (c:/texlive/2024/texmf-dist/tex/latex/pdflscape/pdflscape.sty
Package: pdflscape 2022-10-27 v0.13 Display of landscape pages in PDF
 (c:/texlive/2024/texmf-dist/tex/latex/pdflscape/pdflscape-nometadata.sty
Package: pdflscape-nometadata 2022-10-28 v0.13 Display of landscape pages in PDF (HO)
 (c:/texlive/2024/texmf-dist/tex/latex/graphics/lscape.sty
Package: lscape 2020/05/28 v3.02 Landscape Pages (DPC)
)
Package pdflscape Info: Auto-detected driver: pdftex on input line 81.
))
Package hyperref Info: Link coloring OFF on input line 27.
 (./OF1Report.out) (./OF1Report.out)
\@outlinefile=\write3
\openout3 = `OF1Report.out'.

Package caption Info: Begin \AtBeginDocument code.
Package caption Info: End \AtBeginDocument code.
LaTeX Font Info:    Trying to load font information for U+msa on input line 29.
 (c:/texlive/2024/texmf-dist/tex/latex/amsfonts/umsa.fd
File: umsa.fd 2013/01/14 v3.01 AMS symbols A
)
LaTeX Font Info:    Trying to load font information for U+msb on input line 29.
 (c:/texlive/2024/texmf-dist/tex/latex/amsfonts/umsb.fd
File: umsb.fd 2013/01/14 v3.01 AMS symbols B
) (./OF1Report.toc)
\tf@toc=\write4
\openout4 = `OF1Report.toc'.



[1

{c:/texlive/2024/texmf-var/fonts/map/pdftex/updmap/pdftex.map}]

[2{c:/texlive/2024/texmf-dist/fonts/enc/dvips/cm-super/cm-super-ts1.enc}]

[3]
<images/ux_paraview.png, id=68, 1495.5875pt x 922.44624pt>
File: images/ux_paraview.png Graphic file (type png)
<use images/ux_paraview.png>
Package pdftex.def Info: images/ux_paraview.png  used on input line 133.
(pdftex.def)             Requested size: 232.52643pt x 143.41402pt.
<images/uy_paraview.png, id=69, 1495.5875pt x 922.44624pt>
File: images/uy_paraview.png Graphic file (type png)
<use images/uy_paraview.png>
Package pdftex.def Info: images/uy_paraview.png  used on input line 137.
(pdftex.def)             Requested size: 232.52643pt x 143.41402pt.
<images/u_velocity.png, id=70, 433.62pt x 361.35pt>
File: images/u_velocity.png Graphic file (type png)
<use images/u_velocity.png>
Package pdftex.def Info: images/u_velocity.png  used on input line 146.
(pdftex.def)             Requested size: 232.52643pt x 193.77522pt.
<images/v_velocity.png, id=72, 433.62pt x 361.35pt>
File: images/v_velocity.png Graphic file (type png)
<use images/v_velocity.png>
Package pdftex.def Info: images/v_velocity.png  used on input line 150.
(pdftex.def)             Requested size: 232.52643pt x 193.77522pt.
<images/center_velocity.png, id=73, 433.62pt x 361.35pt>
File: images/center_velocity.png Graphic file (type png)
<use images/center_velocity.png>
Package pdftex.def Info: images/center_velocity.png  used on input line 158.
(pdftex.def)             Requested size: 305.33789pt x 254.45955pt.


[4 <./images/ux_paraview.png (PNG copy)> <./images/uy_paraview.png (PNG copy)> <./images/u_velocity.png> <./images/v_velocity.png>]
<images/paraview_U_20.png, id=82, 1495.5875pt x 922.44624pt>
File: images/paraview_U_20.png Graphic file (type png)
<use images/paraview_U_20.png>
Package pdftex.def Info: images/paraview_U_20.png  used on input line 167.
(pdftex.def)             Requested size: 232.52643pt x 143.41402pt.
<images/paraview_U_40.png, id=83, 1495.5875pt x 922.44624pt>
File: images/paraview_U_40.png Graphic file (type png)
<use images/paraview_U_40.png>
Package pdftex.def Info: images/paraview_U_40.png  used on input line 171.
(pdftex.def)             Requested size: 232.52643pt x 143.41402pt.
<images/paraview_U_80.png, id=84, 1495.5875pt x 922.44624pt>
File: images/paraview_U_80.png Graphic file (type png)
<use images/paraview_U_80.png>
Package pdftex.def Info: images/paraview_U_80.png  used on input line 177.
(pdftex.def)             Requested size: 232.52643pt x 143.41402pt.
<images/paraview_U_160.png, id=85, 1495.5875pt x 922.44624pt>
File: images/paraview_U_160.png Graphic file (type png)
<use images/paraview_U_160.png>
Package pdftex.def Info: images/paraview_U_160.png  used on input line 181.
(pdftex.def)             Requested size: 232.52643pt x 143.41402pt.


[5 <./images/center_velocity.png>]
<images/Velocity_Component_Plot_for_gridsize_20x20.png, id=92, 578.16pt x 433.62pt>
File: images/Velocity_Component_Plot_for_gridsize_20x20.png Graphic file (type png)
<use images/Velocity_Component_Plot_for_gridsize_20x20.png>
Package pdftex.def Info: images/Velocity_Component_Plot_for_gridsize_20x20.png  used on input line 192.
(pdftex.def)             Requested size: 232.52643pt x 174.39108pt.
<images/Velocity_Component_Plot_for_gridsize_40x40.png, id=93, 578.16pt x 433.62pt>
File: images/Velocity_Component_Plot_for_gridsize_40x40.png Graphic file (type png)
<use images/Velocity_Component_Plot_for_gridsize_40x40.png>
Package pdftex.def Info: images/Velocity_Component_Plot_for_gridsize_40x40.png  used on input line 196.
(pdftex.def)             Requested size: 232.52643pt x 174.39108pt.
<images/Velocity_Component_Plot_for_gridsize_80x80.png, id=94, 578.16pt x 433.62pt>
File: images/Velocity_Component_Plot_for_gridsize_80x80.png Graphic file (type png)
<use images/Velocity_Component_Plot_for_gridsize_80x80.png>
Package pdftex.def Info: images/Velocity_Component_Plot_for_gridsize_80x80.png  used on input line 202.
(pdftex.def)             Requested size: 232.52643pt x 174.39108pt.
<images/Velocity_Component_Plot_for_gridsize_160x160.png, id=95, 578.16pt x 433.62pt>
File: images/Velocity_Component_Plot_for_gridsize_160x160.png Graphic file (type png)
<use images/Velocity_Component_Plot_for_gridsize_160x160.png>
Package pdftex.def Info: images/Velocity_Component_Plot_for_gridsize_160x160.png  used on input line 206.
(pdftex.def)             Requested size: 232.52643pt x 174.39108pt.


[6 <./images/paraview_U_20.png (PNG copy)> <./images/paraview_U_40.png (PNG copy)> <./images/paraview_U_80.png (PNG copy)> <./images/paraview_U_160.png (PNG copy)>]

[7 <./images/Velocity_Component_Plot_for_gridsize_20x20.png> <./images/Velocity_Component_Plot_for_gridsize_40x40.png> <./images/Velocity_Component_Plot_for_gridsize_80x80.png> <./images/Velocity_Component_Plot_for_gridsize_160x160.png>]
<images/Refinement_Measure.png, id=111, 578.16pt x 433.62pt>
File: images/Refinement_Measure.png Graphic file (type png)
<use images/Refinement_Measure.png>
Package pdftex.def Info: images/Refinement_Measure.png  used on input line 220.
(pdftex.def)             Requested size: 399.29463pt x 299.46939pt.


[8 <./images/Refinement_Measure.png>]
<images/Nondimensional_Stress_vs._x.png, id=120, 1110.0672pt x 648.9846pt>
File: images/Nondimensional_Stress_vs._x.png Graphic file (type png)
<use images/Nondimensional_Stress_vs._x.png>
Package pdftex.def Info: images/Nondimensional_Stress_vs._x.png  used on input line 247.
(pdftex.def)             Requested size: 469.75502pt x 274.63144pt.
<images/80mesh_extractingstress.png, id=121, 914.544pt x 366.825pt>
File: images/80mesh_extractingstress.png Graphic file (type png)
<use images/80mesh_extractingstress.png>
Package pdftex.def Info: images/80mesh_extractingstress.png  used on input line 254.
(pdftex.def)             Requested size: 375.80544pt x 150.73505pt.


[9 <./images/Nondimensional_Stress_vs._x.png> <./images/80mesh_extractingstress.png>]
<images/Nondimensional_Force_vs._Re.png, id=132, 578.16pt x 433.62pt>
File: images/Nondimensional_Force_vs._Re.png Graphic file (type png)
<use images/Nondimensional_Force_vs._Re.png>
Package pdftex.def Info: images/Nondimensional_Force_vs._Re.png  used on input line 275.
(pdftex.def)             Requested size: 469.75502pt x 352.31538pt.


[10 <./images/Nondimensional_Force_vs._Re.png>]

[1]
<CFD OF1 Code.pdf, id=144, 614.295pt x 794.97pt>
File: CFD OF1 Code.pdf Graphic file (type pdf)
<use CFD OF1 Code.pdf>
Package pdftex.def Info: CFD OF1 Code.pdf  used on input line 302.
(pdftex.def)             Requested size: 614.29349pt x 794.96806pt.
File: CFD OF1 Code.pdf Graphic file (type pdf)
<use CFD OF1 Code.pdf>
Package pdftex.def Info: CFD OF1 Code.pdf  used on input line 302.
(pdftex.def)             Requested size: 614.29349pt x 794.96806pt.
<CFD OF1 Code.pdf, id=147, page=1, 614.295pt x 794.97pt>
File: CFD OF1 Code.pdf Graphic file (type pdf)
<use CFD OF1 Code.pdf, page 1>
Package pdftex.def Info: CFD OF1 Code.pdf , page1 used on input line 302.
(pdftex.def)             Requested size: 614.29349pt x 794.96806pt.
File: CFD OF1 Code.pdf Graphic file (type pdf)
<use CFD OF1 Code.pdf, page 1>
Package pdftex.def Info: CFD OF1 Code.pdf , page1 used on input line 302.
(pdftex.def)             Requested size: 614.58406pt x 795.3441pt.



pdfTeX warning (ext4): destination with the same identifier (name{page.}) has been already used, duplicate ignored
<to be read again> 
                   \relax 
l.302 \includepdf[pages=-]{CFD OF1 Code.pdf}
                                             [2]
File: CFD OF1 Code.pdf Graphic file (type pdf)
<use CFD OF1 Code.pdf, page 1>
Package pdftex.def Info: CFD OF1 Code.pdf , page1 used on input line 302.
(pdftex.def)             Requested size: 614.58406pt x 795.3441pt.
File: CFD OF1 Code.pdf Graphic file (type pdf)
<use CFD OF1 Code.pdf, page 1>
Package pdftex.def Info: CFD OF1 Code.pdf , page1 used on input line 302.
(pdftex.def)             Requested size: 614.58406pt x 795.3441pt.



pdfTeX warning (ext4): destination with the same identifier (name{page.}) has been already used, duplicate ignored
<to be read again> 
                   \relax 
l.302 \includepdf[pages=-]{CFD OF1 Code.pdf}
                                            
File: CFD OF1 Code.pdf Graphic file (type pdf)
<use CFD OF1 Code.pdf, page 1>
Package pdftex.def Info: CFD OF1 Code.pdf , page1 used on input line 302.
(pdftex.def)             Requested size: 614.58406pt x 795.3441pt.
 [3

 <./CFD OF1 Code.pdf>]
<CFD OF1 Code.pdf, id=189, page=2, 614.295pt x 794.97pt>
File: CFD OF1 Code.pdf Graphic file (type pdf)
<use CFD OF1 Code.pdf, page 2>
Package pdftex.def Info: CFD OF1 Code.pdf , page2 used on input line 302.
(pdftex.def)             Requested size: 614.58406pt x 795.3441pt.
File: CFD OF1 Code.pdf Graphic file (type pdf)
<use CFD OF1 Code.pdf, page 2>
Package pdftex.def Info: CFD OF1 Code.pdf , page2 used on input line 302.
(pdftex.def)             Requested size: 614.58406pt x 795.3441pt.



pdfTeX warning (ext4): destination with the same identifier (name{page.}) has been already used, duplicate ignored
<to be read again> 
                   \relax 
l.302 \includepdf[pages=-]{CFD OF1 Code.pdf}
                                            
File: CFD OF1 Code.pdf Graphic file (type pdf)
<use CFD OF1 Code.pdf, page 2>
Package pdftex.def Info: CFD OF1 Code.pdf , page2 used on input line 302.
(pdftex.def)             Requested size: 614.58406pt x 795.3441pt.
 [4

 <./CFD OF1 Code.pdf>]
<CFD OF1 Code.pdf, id=203, page=3, 614.295pt x 794.97pt>
File: CFD OF1 Code.pdf Graphic file (type pdf)
<use CFD OF1 Code.pdf, page 3>
Package pdftex.def Info: CFD OF1 Code.pdf , page3 used on input line 302.
(pdftex.def)             Requested size: 614.58406pt x 795.3441pt.
File: CFD OF1 Code.pdf Graphic file (type pdf)
<use CFD OF1 Code.pdf, page 3>
Package pdftex.def Info: CFD OF1 Code.pdf , page3 used on input line 302.
(pdftex.def)             Requested size: 614.58406pt x 795.3441pt.



pdfTeX warning (ext4): destination with the same identifier (name{page.}) has been already used, duplicate ignored
<to be read again> 
                   \relax 
l.302 \includepdf[pages=-]{CFD OF1 Code.pdf}
                                            
File: CFD OF1 Code.pdf Graphic file (type pdf)
<use CFD OF1 Code.pdf, page 3>
Package pdftex.def Info: CFD OF1 Code.pdf , page3 used on input line 302.
(pdftex.def)             Requested size: 614.58406pt x 795.3441pt.
 [5

 <./CFD OF1 Code.pdf>]
<CFD OF1 Code.pdf, id=212, page=4, 614.295pt x 794.97pt>
File: CFD OF1 Code.pdf Graphic file (type pdf)
<use CFD OF1 Code.pdf, page 4>
Package pdftex.def Info: CFD OF1 Code.pdf , page4 used on input line 302.
(pdftex.def)             Requested size: 614.58406pt x 795.3441pt.
File: CFD OF1 Code.pdf Graphic file (type pdf)
<use CFD OF1 Code.pdf, page 4>
Package pdftex.def Info: CFD OF1 Code.pdf , page4 used on input line 302.
(pdftex.def)             Requested size: 614.58406pt x 795.3441pt.



pdfTeX warning (ext4): destination with the same identifier (name{page.}) has been already used, duplicate ignored
<to be read again> 
                   \relax 
l.302 \includepdf[pages=-]{CFD OF1 Code.pdf}
                                            
File: CFD OF1 Code.pdf Graphic file (type pdf)
<use CFD OF1 Code.pdf, page 4>
Package pdftex.def Info: CFD OF1 Code.pdf , page4 used on input line 302.
(pdftex.def)             Requested size: 614.58406pt x 795.3441pt.
 [6

 <./CFD OF1 Code.pdf>]
<CFD OF1 Code.pdf, id=221, page=5, 614.295pt x 794.97pt>
File: CFD OF1 Code.pdf Graphic file (type pdf)
<use CFD OF1 Code.pdf, page 5>
Package pdftex.def Info: CFD OF1 Code.pdf , page5 used on input line 302.
(pdftex.def)             Requested size: 614.58406pt x 795.3441pt.
File: CFD OF1 Code.pdf Graphic file (type pdf)
<use CFD OF1 Code.pdf, page 5>
Package pdftex.def Info: CFD OF1 Code.pdf , page5 used on input line 302.
(pdftex.def)             Requested size: 614.58406pt x 795.3441pt.



pdfTeX warning (ext4): destination with the same identifier (name{page.}) has been already used, duplicate ignored
<to be read again> 
                   \relax 
l.302 \includepdf[pages=-]{CFD OF1 Code.pdf}
                                            
File: CFD OF1 Code.pdf Graphic file (type pdf)
<use CFD OF1 Code.pdf, page 5>
Package pdftex.def Info: CFD OF1 Code.pdf , page5 used on input line 302.
(pdftex.def)             Requested size: 614.58406pt x 795.3441pt.
 [7

 <./CFD OF1 Code.pdf>]
<CFD OF1 Code.pdf, id=225, page=6, 614.295pt x 794.97pt>
File: CFD OF1 Code.pdf Graphic file (type pdf)
<use CFD OF1 Code.pdf, page 6>
Package pdftex.def Info: CFD OF1 Code.pdf , page6 used on input line 302.
(pdftex.def)             Requested size: 614.58406pt x 795.3441pt.
File: CFD OF1 Code.pdf Graphic file (type pdf)
<use CFD OF1 Code.pdf, page 6>
Package pdftex.def Info: CFD OF1 Code.pdf , page6 used on input line 302.
(pdftex.def)             Requested size: 614.58406pt x 795.3441pt.



pdfTeX warning (ext4): destination with the same identifier (name{page.}) has been already used, duplicate ignored
<to be read again> 
                   \relax 
l.302 \includepdf[pages=-]{CFD OF1 Code.pdf}
                                            
File: CFD OF1 Code.pdf Graphic file (type pdf)
<use CFD OF1 Code.pdf, page 6>
Package pdftex.def Info: CFD OF1 Code.pdf , page6 used on input line 302.
(pdftex.def)             Requested size: 614.58406pt x 795.3441pt.
 [8

 <./CFD OF1 Code.pdf>] (./OF1Report.aux)
 ***********
LaTeX2e <2024-06-01> patch level 2
L3 programming layer <2024-08-30>
 ***********
Package rerunfilecheck Info: File `OF1Report.out' has not changed.
(rerunfilecheck)             Checksum: 59DBD4E85F04174CD135029C4111FE1D;971.
 ) 
Here is how much of TeX's memory you used:
 13422 strings out of 473579
 213546 string characters out of 5732257
 621253 words of memory out of 5000000
 36093 multiletter control sequences out of 15000+600000
 571728 words of font info for 86 fonts, out of 8000000 for 9000
 1141 hyphenation exceptions out of 8191
 75i,17n,79p,859b,592s stack positions out of 10000i,1000n,20000p,200000b,200000s
<c:/texlive/2024/texmf-dist/fonts/type1/public/amsfonts/cm/cmbx10.pfb><c:/texlive/2024/texmf-dist/fonts/type1/public/amsfonts/cm/cmbx12.pfb><c:/texlive/2024/texmf-dist/fonts/type1/public/amsfonts/cm/cmex10.pfb><c:/texlive/2024/texmf-dist/fonts/type1/public/amsfonts/cm/cmmi10.pfb><c:/texlive/2024/texmf-dist/fonts/type1/public/amsfonts/cm/cmmi8.pfb><c:/texlive/2024/texmf-dist/fonts/type1/public/amsfonts/cm/cmr10.pfb><c:/texlive/2024/texmf-dist/fonts/type1/public/amsfonts/cm/cmr12.pfb><c:/texlive/2024/texmf-dist/fonts/type1/public/amsfonts/cm/cmr8.pfb><c:/texlive/2024/texmf-dist/fonts/type1/public/amsfonts/cm/cmsy10.pfb><c:/texlive/2024/texmf-dist/fonts/type1/public/amsfonts/cm/cmsy8.pfb><c:/texlive/2024/texmf-dist/fonts/type1/public/amsfonts/cm/cmti10.pfb><c:/texlive/2024/texmf-dist/fonts/type1/public/cm-super/sfrm1095.pfb>
Output written on OF1Report.pdf (18 pages, 5389057 bytes).
PDF statistics:
 290 PDF objects out of 1000 (max. 8388607)
 187 compressed objects within 2 object streams
 35 named destinations out of 1000 (max. 500000)
 187 words of extra memory for PDF output out of 10000 (max. 10000000)

